#
# There is insufficient memory for the Java Runtime Environment to continue.
# Native memory allocation (mmap) failed to map 1073741824 bytes for Failed to commit area from 0x00000000c0000000 to 0x0000000100000000 of length 1073741824.
# Possible reasons:
#   The system is out of physical RAM or swap space
#   The process is running with CompressedOops enabled, and the Java Heap may be blocking the growth of the native heap
# Possible solutions:
#   Reduce memory load on the system
#   Increase physical memory or swap space
#   Check if swap backing store is full
#   Decrease Java heap size (-Xmx/-Xms)
#   Decrease number of Java threads
#   Decrease Java thread stack sizes (-Xss)
#   Set larger code cache with -XX:ReservedCodeCacheSize=
# This output file may be truncated or incomplete.
#
#  Out of Memory Error (os_windows.cpp:3371), pid=19208, tid=0x0000000000002144
#
# JRE version:  (8.0_202-b08) (build )
# Java VM: Java HotSpot(TM) 64-Bit Server VM (25.202-b08 mixed mode windows-amd64 compressed oops)
# Failed to write core dump. Minidumps are not enabled by default on client versions of Windows
#

---------------  T H R E A D  ---------------

Current thread (0x0000000002732800):  JavaThread "Unknown thread" [_thread_in_vm, id=8516, stack(0x0000000002490000,0x0000000002590000)]

Stack: [0x0000000002490000,0x0000000002590000]
[error occurred during error reporting (printing stack bounds), id 0xc0000005]

Native frames: (J=compiled Java code, j=interpreted, Vv=VM code, C=native code)


---------------  P R O C E S S  ---------------

Java Threads: ( => current thread )

Other Threads:

=>0x0000000002732800 (exited) JavaThread "Unknown thread" [_thread_in_vm, id=8516, stack(0x0000000002490000,0x0000000002590000)]

VM state:not at safepoint (not fully initialized)

VM Mutex/Monitor currently owned by a thread:  ([mutex/lock_event])
[0x0000000002730cd0] Heap_lock - owner thread: 0x0000000002732800

heap address: 0x00000000c0000000, size: 1024 MB, Compressed Oops mode: Non-zero based:0x00000000bffff000
Narrow klass base: 0x0000000000000000, Narrow klass shift: 0

GC Heap History (0 events):
No events

Deoptimization events (0 events):
No events

Classes redefined (0 events):
No events

Internal exceptions (0 events):
No events

Events (0 events):
No events


Dynamic libraries:
0x00007ff792d30000 - 0x00007ff792d67000 	F:\java\jre\bin\java.exe
0x00007ff88da70000 - 0x00007ff88dc5d000 	C:\Windows\SYSTEM32\ntdll.dll
0x00007ff88c540000 - 0x00007ff88c5f3000 	C:\Windows\System32\KERNEL32.DLL
0x00007ff889d60000 - 0x00007ff889ff5000 	C:\Windows\System32\KERNELBASE.dll
0x00007ff88caf0000 - 0x00007ff88cb93000 	C:\Windows\System32\ADVAPI32.dll
0x00007ff88aca0000 - 0x00007ff88ad3e000 	C:\Windows\System32\msvcrt.dll
0x00007ff88cd50000 - 0x00007ff88cdef000 	C:\Windows\System32\sechost.dll
0x00007ff88d920000 - 0x00007ff88da40000 	C:\Windows\System32\RPCRT4.dll
0x00007ff88d1f0000 - 0x00007ff88d387000 	C:\Windows\System32\USER32.dll
0x00007ff88a400000 - 0x00007ff88a420000 	C:\Windows\System32\win32u.dll
0x00007ff88cc70000 - 0x00007ff88cc99000 	C:\Windows\System32\GDI32.dll
0x00007ff88a260000 - 0x00007ff88a3fc000 	C:\Windows\System32\gdi32full.dll
0x00007ff889b70000 - 0x00007ff889c10000 	C:\Windows\System32\msvcp_win.dll
0x00007ff889c60000 - 0x00007ff889d5a000 	C:\Windows\System32\ucrtbase.dll
0x00007ff8704d0000 - 0x00007ff870749000 	C:\Windows\WinSxS\amd64_microsoft.windows.common-controls_6595b64144ccf1df_6.0.17763.1697_none_de7644c45346d6cf\COMCTL32.dll
0x00007ff88cdf0000 - 0x00007ff88d11e000 	C:\Windows\System32\combase.dll
0x00007ff88a000000 - 0x00007ff88a07f000 	C:\Windows\System32\bcryptPrimitives.dll
0x00007ff88d3f0000 - 0x00007ff88d41e000 	C:\Windows\System32\IMM32.DLL
0x000000005d750000 - 0x000000005d822000 	F:\java\jre\bin\msvcr100.dll
0x000000005d950000 - 0x000000005e1f5000 	F:\java\jre\bin\server\jvm.dll
0x00007ff88aed0000 - 0x00007ff88aed8000 	C:\Windows\System32\PSAPI.DLL
0x00007ff875cd0000 - 0x00007ff875cd9000 	C:\Windows\SYSTEM32\WSOCK32.dll
0x00007ff88d180000 - 0x00007ff88d1ed000 	C:\Windows\System32\WS2_32.dll
0x00007ff885cd0000 - 0x00007ff885cf4000 	C:\Windows\SYSTEM32\WINMM.dll
0x00007ff889810000 - 0x00007ff88981a000 	C:\Windows\SYSTEM32\VERSION.dll
0x00007ff885ca0000 - 0x00007ff885ccd000 	C:\Windows\SYSTEM32\WINMMBASE.dll
0x00007ff889c10000 - 0x00007ff889c5a000 	C:\Windows\System32\cfgmgr32.dll
0x00007ff8859b0000 - 0x00007ff8859bf000 	F:\java\jre\bin\verify.dll
0x00007ff868200000 - 0x00007ff868229000 	F:\java\jre\bin\java.dll
0x00007ff868160000 - 0x00007ff868176000 	F:\java\jre\bin\zip.dll

VM Arguments:
jvm_args: -XX:+HeapDumpOnOutOfMemoryError -Xms1g -Xmx1g -XX:MaxMetaspaceSize=256m -XX:+UseG1GC -XX:MaxGCPauseMillis=100 -XX:G1ReservePercent=20 -Djava.security.egd=file:/dev/urandom -Duser.language=en -Duser.region=EN 
java_command: F:\apache-jmeter-5.1.1\bin\ApacheJMeter.jar -JthreadCount=10 -JrampTime=2 -JdurationTime=60 -n -t G:\jmeter\iSalesTest\iSalesTest.jmx -l G:\jmeter\iSalesTest\result\2021072512200307\2021072512200307.jtl -j G:\jmeter\iSalesTest\result\2021072512200307\2021072512200307.log
java_class_path (initial): F:\apache-jmeter-5.1.1\bin\ApacheJMeter.jar
Launcher Type: SUN_STANDARD

Environment Variables:
JAVA_HOME=F:\java\jdk
CLASSPATH=.;F:\java\jdk\lib;F:\java\jdk\lib\dt.jar;F:\java\jdk\lib\tools.jar
PATH=F:/java/jre/bin/server;F:/java/jre/bin;F:/java/jre/lib/amd64;C:\Program Files\HPE\NV\lib\shunra\vcat;F:\Xftp\;C:\Program Files (x86)\Common Files\Oracle\Java\javapath;C:\Windows\system32;C:\Windows;C:\Windows\System32\Wbem;C:\Windows\System32\WindowsPowerShell\v1.0\;C:\Windows\System32\OpenSSH\;F:\GIT\Git\cmd;C:\Program Files\MySQL\MySQL Server 8.0\bin;C:\Program Files (x86)\HPE\LoadRunner\strawberry-perl\perl\bin;F:\apache-jmeter-5.1.1\bin;F:\java\jdk\bin;F:\java\jdk\jre\bin;F:\TortoiseGit\bin;F:\xshell\;F:\apache-maven-3.6.3\bin;F:\python3\Scripts\;F:\python3\;C:\Users\ASUS\AppData\Local\Microsoft\WindowsApps;;F:\pycharmProfessional\PyCharm 2020.3\bin;;F:\pycharmCommunity\PyCharm Community Edition 2020.2.1\bin;;F:\VSCode\Microsoft VS Code\bin;F:\Intellij\IntelliJ IDEA Community Edition 2021.1\bin;;F:\pycharmCommunity\PyCharm Community Edition 2021.1.2\bin;;F:\fiddler;F:\Intellij\IntelliJ IDEA 2021.1.3\bin;;F:\webStorm\WebStorm 2020.3.3\bin;;F:\anzhuangbao\eclipse;
USERNAME=ASUS
OS=Windows_NT
PROCESSOR_IDENTIFIER=Intel64 Family 6 Model 58 Stepping 9, GenuineIntel



---------------  S Y S T E M  ---------------

OS: Windows 10.0 , 64 bit Build 17763 (10.0.17763.475)

CPU:total 4 (initial active 4) (2 cores per cpu, 2 threads per core) family 6 model 58 stepping 9, cmov, cx8, fxsr, mmx, sse, sse2, sse3, ssse3, sse4.1, sse4.2, popcnt, avx, aes, clmul, erms, ht, tsc, tscinvbit, tscinv

Memory: 4k page, physical 8271460k(1066780k free), swap 22917020k(104656k free)

vm_info: Java HotSpot(TM) 64-Bit Server VM (25.202-b08) for windows-amd64 JRE (1.8.0_202-b08), built on Dec 15 2018 19:54:30 by "java_re" with MS VC++ 10.0 (VS2010)

time: Sun Jul 25 12:20:23 2021
timezone: 中国标准时间
elapsed time: 4 seconds (0d 0h 0m 4s)

