2021-07-25 22:38:39,989 INFO o.a.j.u.JMeterUtils: Setting Locale to en_EN
2021-07-25 22:38:40,016 INFO o.a.j.JMeter: Loading user properties from: F:\apache-jmeter-5.1.1\bin\user.properties
2021-07-25 22:38:40,017 INFO o.a.j.JMeter: Loading system properties from: F:\apache-jmeter-5.1.1\bin\system.properties
2021-07-25 22:38:40,027 INFO o.a.j.JMeter: Copyright (c) 1998-2019 The Apache Software Foundation
2021-07-25 22:38:40,027 INFO o.a.j.JMeter: Version 5.1.1 r1855137
2021-07-25 22:38:40,027 INFO o.a.j.JMeter: java.version=1.8.0_202
2021-07-25 22:38:40,027 INFO o.a.j.JMeter: java.vm.name=Java HotSpot(TM) 64-Bit Server VM
2021-07-25 22:38:40,027 INFO o.a.j.JMeter: os.name=Windows 10
2021-07-25 22:38:40,027 INFO o.a.j.JMeter: os.arch=amd64
2021-07-25 22:38:40,028 INFO o.a.j.JMeter: os.version=10.0
2021-07-25 22:38:40,028 INFO o.a.j.JMeter: file.encoding=GBK
2021-07-25 22:38:40,028 INFO o.a.j.JMeter: java.awt.headless=true
2021-07-25 22:38:40,028 INFO o.a.j.JMeter: Max memory     =1073741824
2021-07-25 22:38:40,028 INFO o.a.j.JMeter: Available Processors =4
2021-07-25 22:38:40,034 INFO o.a.j.JMeter: Default Locale=English (EN)
2021-07-25 22:38:40,034 INFO o.a.j.JMeter: JMeter  Locale=English (EN)
2021-07-25 22:38:40,034 INFO o.a.j.JMeter: JMeterHome=F:\apache-jmeter-5.1.1
2021-07-25 22:38:40,034 INFO o.a.j.JMeter: user.dir  =G:\java\jmeterTask
2021-07-25 22:38:40,035 INFO o.a.j.JMeter: PWD       =G:\java\jmeterTask
2021-07-25 22:38:55,568 INFO o.a.j.JMeter: IP: 10.198.1.32 Name: DESKTOP-VS14U6A FullName: DESKTOP-VS14U6A
2021-07-25 22:38:55,572 INFO o.a.j.JMeter: Setting property 'jmeter.reportgenerator.outputdir' to:'G:\jmeter\iSalesTest2\result\2021072512361285\html'
2021-07-25 22:38:55,580 INFO o.a.j.r.d.ReportGenerator: ReportGenerator will use for Parsing the separator: ','
2021-07-25 22:38:55,581 INFO o.a.j.r.d.ReportGenerator: Will only generate report from results file: G:\jmeter\iSalesTest2\result\2021072512361285\iSalesTest2_2021072512361285.jtl
2021-07-25 22:38:55,581 INFO o.a.j.r.d.ReportGenerator: Reading report generator properties from: F:\apache-jmeter-5.1.1\bin\reportgenerator.properties
2021-07-25 22:38:55,582 INFO o.a.j.r.d.ReportGenerator: Merging with JMeter properties
2021-07-25 22:38:55,591 INFO o.a.j.r.c.ReportGeneratorConfiguration: Property 'jmeter.reportgenerator.temp_dir' not found, using default value 'temp' instead.
2021-07-25 22:38:55,597 INFO o.a.j.r.c.ReportGeneratorConfiguration: Property 'jmeter.reportgenerator.apdex_per_transaction' not found, using default value 'null' instead.
2021-07-25 22:38:55,604 INFO o.a.j.r.c.ReportGeneratorConfiguration: apdex_per_transaction : {} is empty, not APDEX per transaction customization
2021-07-25 22:38:55,605 INFO o.a.j.r.c.ReportGeneratorConfiguration: Property 'jmeter.reportgenerator.sample_filter' not found, using default value 'null' instead.
2021-07-25 22:38:55,605 INFO o.a.j.r.c.ReportGeneratorConfiguration: Property 'jmeter.reportgenerator.report_title' not found, using default value 'null' instead.
2021-07-25 22:38:55,605 INFO o.a.j.r.c.ReportGeneratorConfiguration: Property 'jmeter.reportgenerator.start_date' not found, using default value 'null' instead.
2021-07-25 22:38:55,606 INFO o.a.j.r.c.ReportGeneratorConfiguration: Property 'jmeter.reportgenerator.end_date' not found, using default value 'null' instead.
2021-07-25 22:38:55,606 INFO o.a.j.r.c.ReportGeneratorConfiguration: Property 'jmeter.reportgenerator.date_format' not found, using default value 'null' instead.
2021-07-25 22:38:55,606 INFO o.a.j.r.c.ReportGeneratorConfiguration: Will use date range start date: null, end date: null
2021-07-25 22:38:55,615 INFO o.a.j.r.c.ReportGeneratorConfiguration: Property 'jmeter.reportgenerator.graph.totalTPS.exclude_controllers' not found, using default value 'false' instead.
2021-07-25 22:38:55,616 INFO o.a.j.r.c.ReportGeneratorConfiguration: Property 'jmeter.reportgenerator.graph.activeThreadsOverTime.exclude_controllers' not found, using default value 'false' instead.
2021-07-25 22:38:55,616 INFO o.a.j.r.c.ReportGeneratorConfiguration: Property 'jmeter.reportgenerator.graph.timeVsThreads.exclude_controllers' not found, using default value 'false' instead.
2021-07-25 22:38:55,617 INFO o.a.j.r.c.ReportGeneratorConfiguration: Property 'jmeter.reportgenerator.graph.responseTimeDistribution.exclude_controllers' not found, using default value 'false' instead.
2021-07-25 22:38:55,617 INFO o.a.j.r.c.ReportGeneratorConfiguration: Property 'jmeter.reportgenerator.graph.transactionsPerSecond.exclude_controllers' not found, using default value 'false' instead.
2021-07-25 22:38:55,618 INFO o.a.j.r.c.ReportGeneratorConfiguration: Property 'jmeter.reportgenerator.graph.responseTimePercentiles.exclude_controllers' not found, using default value 'false' instead.
2021-07-25 22:38:55,618 INFO o.a.j.r.c.ReportGeneratorConfiguration: Property 'jmeter.reportgenerator.graph.responseTimePercentilesOverTime.exclude_controllers' not found, using default value 'false' instead.
2021-07-25 22:38:55,618 INFO o.a.j.r.c.ReportGeneratorConfiguration: Property 'jmeter.reportgenerator.graph.responseTimesOverTime.exclude_controllers' not found, using default value 'false' instead.
2021-07-25 22:38:55,619 INFO o.a.j.r.c.ReportGeneratorConfiguration: Property 'jmeter.reportgenerator.graph.connectTimeOverTime.exclude_controllers' not found, using default value 'false' instead.
2021-07-25 22:38:55,619 INFO o.a.j.r.c.ReportGeneratorConfiguration: Property 'jmeter.reportgenerator.graph.latenciesOverTime.exclude_controllers' not found, using default value 'false' instead.
2021-07-25 22:38:55,622 INFO o.a.j.r.c.ReportGeneratorConfiguration: Property 'jmeter.reportgenerator.exporter.json.filters_only_sample_series' not found, using default value 'true' instead.
2021-07-25 22:38:55,622 INFO o.a.j.r.c.ReportGeneratorConfiguration: Property 'jmeter.reportgenerator.exporter.json.series_filter' not found, using default value '' instead.
2021-07-25 22:38:55,622 INFO o.a.j.r.c.ReportGeneratorConfiguration: Property 'jmeter.reportgenerator.exporter.json.show_controllers_only' not found, using default value 'false' instead.
2021-07-25 22:38:55,623 INFO o.a.j.r.c.ReportGeneratorConfiguration: Property 'jmeter.reportgenerator.exporter.html.filters_only_sample_series' not found, using default value 'true' instead.
2021-07-25 22:38:55,623 INFO o.a.j.r.c.ReportGeneratorConfiguration: Property 'jmeter.reportgenerator.exporter.html.series_filter' not found, using default value '' instead.
2021-07-25 22:38:55,624 INFO o.a.j.r.c.ReportGeneratorConfiguration: Property 'jmeter.reportgenerator.exporter.html.show_controllers_only' not found, using default value 'false' instead.
2021-07-25 22:38:55,867 INFO o.a.j.s.SaveService: Testplan (JMX) version: 2.2. Testlog (JTL) version: 2.2
2021-07-25 22:38:55,894 INFO o.a.j.s.SaveService: Using SaveService properties file encoding UTF-8
2021-07-25 22:38:55,901 INFO o.a.j.s.SaveService: Using SaveService properties version 5.0
2021-07-25 22:38:55,977 INFO o.a.j.r.p.NormalizerSampleConsumer: Using format, 'ms', to parse timeStamp field
2021-07-25 22:39:00,359 INFO o.a.j.r.p.AbstractSampleConsumer: class org.apache.jmeter.report.processor.AggregateConsumer#stopProducing(): beginDate produced 0 samples
2021-07-25 22:39:00,359 INFO o.a.j.r.p.AbstractSampleConsumer: class org.apache.jmeter.report.processor.AggregateConsumer#stopProducing(): endDate produced 0 samples
2021-07-25 22:39:00,362 INFO o.a.j.r.p.AbstractSampleConsumer: class org.apache.jmeter.report.processor.ApdexSummaryConsumer#stopProducing(): apdexSummary produced 0 samples
2021-07-25 22:39:00,362 INFO o.a.j.r.p.AbstractSampleConsumer: class org.apache.jmeter.report.processor.RequestsSummaryConsumer#stopProducing(): requestsSummary produced 0 samples
2021-07-25 22:39:00,388 INFO o.a.j.r.p.AbstractSampleConsumer: class org.apache.jmeter.report.processor.StatisticsSummaryConsumer#stopProducing(): statisticsSummary produced 0 samples
2021-07-25 22:39:00,404 INFO o.a.j.r.p.AbstractSampleConsumer: class org.apache.jmeter.report.processor.Top5ErrorsBySamplerConsumer#stopProducing(): top5ErrorsBySampler produced 0 samples
2021-07-25 22:39:00,404 INFO o.a.j.r.p.AbstractSampleConsumer: class org.apache.jmeter.report.processor.ErrorsSummaryConsumer#stopProducing(): errorsSummary produced 0 samples
2021-07-25 22:39:00,412 INFO o.a.j.r.p.AbstractSampleConsumer: class org.apache.jmeter.report.processor.graph.impl.HitsPerSecondGraphConsumer#stopProducing(): hitsPerSecond produced 0 samples
2021-07-25 22:39:00,941 INFO o.a.j.r.p.AbstractSampleConsumer: class org.apache.jmeter.report.processor.graph.impl.LatencyVSRequestGraphConsumer#stopProducing(): latencyVsRequest produced 0 samples
2021-07-25 22:39:00,947 INFO o.a.j.r.p.AbstractSampleConsumer: class org.apache.jmeter.report.processor.graph.impl.SyntheticResponseTimeDistributionGraphConsumer#stopProducing(): syntheticResponseTimeDistribution produced 0 samples
2021-07-25 22:39:00,948 INFO o.a.j.r.p.AbstractSampleConsumer: class org.apache.jmeter.report.processor.graph.impl.BytesThroughputGraphConsumer#stopProducing(): bytesThroughputOverTime produced 0 samples
2021-07-25 22:39:00,950 INFO o.a.j.r.p.AbstractSampleConsumer: class org.apache.jmeter.report.processor.graph.impl.CodesPerSecondGraphConsumer#stopProducing(): codesPerSecond produced 0 samples
2021-07-25 22:39:01,262 INFO o.a.j.r.p.AbstractSampleConsumer: class org.apache.jmeter.report.processor.graph.impl.ResponseTimeVSRequestGraphConsumer#stopProducing(): responseTimeVsRequest produced 0 samples
2021-07-25 22:39:01,266 INFO o.a.j.r.p.AbstractSampleConsumer: class org.apache.jmeter.report.processor.FilterConsumer#stopProducing(): startIntervalControlerFilter produced 275499 samples
2021-07-25 22:39:01,266 INFO o.a.j.r.p.AbstractSampleConsumer: class org.apache.jmeter.report.processor.graph.impl.TotalTPSGraphConsumer#stopProducing(): totalTPS produced 0 samples
2021-07-25 22:39:01,266 INFO o.a.j.r.p.AbstractSampleConsumer: class org.apache.jmeter.report.processor.graph.impl.ActiveThreadsGraphConsumer#stopProducing(): activeThreadsOverTime produced 0 samples
2021-07-25 22:39:01,266 INFO o.a.j.r.p.AbstractSampleConsumer: class org.apache.jmeter.report.processor.graph.impl.TimeVSThreadGraphConsumer#stopProducing(): timeVsThreads produced 0 samples
2021-07-25 22:39:01,267 INFO o.a.j.r.p.AbstractSampleConsumer: class org.apache.jmeter.report.processor.graph.impl.ResponseTimeDistributionGraphConsumer#stopProducing(): responseTimeDistribution produced 0 samples
2021-07-25 22:39:01,267 INFO o.a.j.r.p.AbstractSampleConsumer: class org.apache.jmeter.report.processor.graph.impl.TransactionsPerSecondGraphConsumer#stopProducing(): transactionsPerSecond produced 0 samples
2021-07-25 22:39:01,268 INFO o.a.j.r.p.AbstractSampleConsumer: class org.apache.jmeter.report.processor.graph.impl.ResponseTimePercentilesGraphConsumer#stopProducing(): responseTimePercentiles produced 0 samples
2021-07-25 22:39:01,272 INFO o.a.j.r.p.AbstractSampleConsumer: class org.apache.jmeter.report.processor.graph.impl.ResponseTimePercentilesOverTimeGraphConsumer#stopProducing(): responseTimePercentilesOverTime produced 0 samples
2021-07-25 22:39:01,277 INFO o.a.j.r.p.AbstractSampleConsumer: class org.apache.jmeter.report.processor.graph.impl.ResponseTimeOverTimeGraphConsumer#stopProducing(): responseTimesOverTime produced 0 samples
2021-07-25 22:39:01,277 INFO o.a.j.r.p.AbstractSampleConsumer: class org.apache.jmeter.report.processor.graph.impl.ConnectTimeOverTimeGraphConsumer#stopProducing(): connectTimeOverTime produced 0 samples
2021-07-25 22:39:01,277 INFO o.a.j.r.p.AbstractSampleConsumer: class org.apache.jmeter.report.processor.graph.impl.LatencyOverTimeGraphConsumer#stopProducing(): latenciesOverTime produced 0 samples
2021-07-25 22:39:01,277 INFO o.a.j.r.p.AbstractSampleConsumer: class org.apache.jmeter.report.processor.FilterConsumer#stopProducing(): nameFilter produced 590355 samples
2021-07-25 22:39:01,277 INFO o.a.j.r.p.AbstractSampleConsumer: class org.apache.jmeter.report.processor.FilterConsumer#stopProducing(): dateRangeFilter produced 118071 samples
2021-07-25 22:39:01,278 INFO o.a.j.r.p.AbstractSampleConsumer: class org.apache.jmeter.report.processor.NormalizerSampleConsumer#stopProducing(): normalizer produced 39357 samples
2021-07-25 22:39:01,278 INFO o.a.j.r.p.CsvFileSampleSource: produce(): 39357 samples produced in 5s 249 ms on channel 0
2021-07-25 22:39:01,279 INFO o.a.j.r.d.ReportGenerator: Exporting data using exporter:'json' of className:'org.apache.jmeter.report.dashboard.JsonExporter'
2021-07-25 22:39:01,282 INFO o.a.j.r.d.JsonExporter: Found data for consumer statisticsSummary?in context
2021-07-25 22:39:01,282 INFO o.a.j.r.d.JsonExporter: Creating statistics for overall
2021-07-25 22:39:01,284 INFO o.a.j.r.d.JsonExporter: Creating statistics for other transactions
2021-07-25 22:39:01,285 INFO o.a.j.r.d.JsonExporter: Checking output folder
2021-07-25 22:39:01,286 INFO o.a.j.r.d.JsonExporter: Writing statistics JSON to G:\jmeter\iSalesTest2\result\2021072512361285\html\statistics.json
2021-07-25 22:39:01,580 INFO o.a.j.r.d.ReportGenerator: Exporting data using exporter:'html' of className:'org.apache.jmeter.report.dashboard.HtmlTemplateExporter'
2021-07-25 22:39:01,587 INFO o.a.j.r.d.HtmlTemplateExporter: Will generate dashboard in folder: G:\jmeter\iSalesTest2\result\2021072512361285\html
2021-07-25 22:39:01,795 INFO o.a.j.r.d.HtmlTemplateExporter: Report will be generated in: G:\jmeter\iSalesTest2\result\2021072512361285\html, creating folder structure
2021-07-25 22:39:01,802 INFO o.a.j.r.d.TemplateVisitor: Copying folder from 'F:\apache-jmeter-5.1.1\bin\report-template' to 'G:\jmeter\iSalesTest2\result\2021072512361285\html', got message:[G:\jmeter\iSalesTest2\result\2021072512361285\html\statistics.json], found non empty folder with following content {}, will be ignored
