JvmtiExport can_access_local_variables 0
JvmtiExport can_hotswap_or_post_breakpoint 0
JvmtiExport can_post_on_exceptions 0
# 160 ciObject found
ciMethod java/lang/Object <init> ()V 4097 1 133519 0 0
ciMethod java/lang/String length ()I 4097 1 93548 0 -1
ciMethod java/lang/String charAt (I)C 4097 1 388707 0 128
ciMethod java/lang/String equals (Ljava/lang/Object;)Z 2089 7953 2606 0 -1
ciMethod java/lang/String hashCode ()I 3233 32769 2511 0 -1
ciMethod java/lang/String indexOf (I)I 2049 1 28631 0 -1
ciMethod java/lang/String substring (II)Ljava/lang/String; 2073 1 5452 0 -1
ciMethod java/lang/System arraycopy (Ljava/lang/Object;ILjava/lang/Object;II)V 9217 1 1152 0 -1
ciMethod java/lang/Math max (II)I 921 1 6189 0 -1
ciMethodData java/lang/String charAt (I)C 2 388783 orig 264 104 147 243 93 0 0 0 0 240 59 147 24 0 0 0 0 120 1 0 0 32 0 0 0 0 0 0 0 0 0 0 0 0 0 0 0 0 0 0 0 0 0 0 0 0 0 0 0 0 0 0 0 0 0 0 0 0 0 0 0 0 0 0 0 0 0 0 0 0 0 0 0 0 0 0 0 0 0 0 0 77 68 79 32 101 120 116 114 97 32 100 97 116 97 32 108 111 99 107 0 0 0 0 0 0 0 0 0 0 0 0 0 0 0 0 0 0 0 0 0 0 0 0 0 0 0 0 0 0 0 0 0 0 0 0 0 0 0 0 0 0 0 0 0 0 0 0 0 0 0 0 0 0 0 0 0 0 0 0 0 0 0 0 0 0 0 0 0 0 0 0 0 0 0 0 0 0 0 0 0 0 0 0 0 0 0 0 0 0 0 0 0 0 0 0 0 0 0 0 0 0 0 0 0 0 0 0 0 0 0 0 0 0 0 0 0 0 2 0 0 121 101 47 0 1 0 0 0 0 0 0 0 0 0 0 0 2 0 0 0 0 0 0 0 0 0 0 0 80 0 0 0 255 255 255 255 7 0 1 0 0 0 0 0 data 10 0x10007 0x0 0x40 0x5ecaf 0xa0007 0x5ecaf 0x30 0x0 0x120002 0x0 oops 0
ciMethodData java/lang/Object <init> ()V 2 133523 orig 264 104 147 243 93 0 0 0 0 104 4 147 24 0 0 0 0 32 1 0 0 0 0 0 0 0 0 0 0 0 0 0 0 0 0 0 0 0 0 0 0 0 0 0 0 0 0 0 0 0 0 0 0 0 0 0 0 0 0 0 0 0 0 0 0 0 0 0 0 0 0 0 0 0 0 0 0 0 0 0 0 77 68 79 32 101 120 116 114 97 32 100 97 116 97 32 108 111 99 107 0 0 0 0 0 0 0 0 0 0 0 0 0 0 0 0 0 0 0 0 0 0 0 0 0 0 0 0 0 0 0 0 0 0 0 0 0 0 0 0 0 0 0 0 0 0 0 0 0 0 0 0 0 0 0 0 0 0 0 0 0 0 0 0 0 0 0 0 0 0 0 0 0 0 0 0 0 0 0 0 0 0 0 0 0 1 0 0 0 0 0 0 0 1 0 0 0 0 0 0 0 1 0 0 0 0 0 0 0 0 0 0 0 0 0 0 0 0 2 0 0 153 60 16 0 1 0 0 0 0 0 0 0 0 0 0 0 2 0 0 0 0 0 3 0 1 0 0 0 0 0 0 0 255 255 255 255 0 0 0 0 0 0 0 0 data 0 oops 0
ciMethod jdk/internal/org/objectweb/asm/ClassWriter addType (Ljava/lang/String;)I 1393 1 2850 0 0
ciMethod jdk/internal/org/objectweb/asm/ClassWriter addUninitializedType (Ljava/lang/String;I)I 0 0 24 0 0
ciMethod jdk/internal/org/objectweb/asm/ClassWriter addType (Ljdk/internal/org/objectweb/asm/Item;)Ljdk/internal/org/objectweb/asm/Item; 1073 1 876 0 0
ciMethod jdk/internal/org/objectweb/asm/ClassWriter get (Ljdk/internal/org/objectweb/asm/Item;)Ljdk/internal/org/objectweb/asm/Item; 2121 89 5401 0 256
ciMethod jdk/internal/org/objectweb/asm/ClassWriter put (Ljdk/internal/org/objectweb/asm/Item;)V 2049 1 5455 0 704
ciMethod jdk/internal/org/objectweb/asm/Item <init> (ILjdk/internal/org/objectweb/asm/Item;)V 2049 1 5376 0 768
ciMethod jdk/internal/org/objectweb/asm/Item set (ILjava/lang/String;Ljava/lang/String;Ljava/lang/String;)V 2185 1 5792 0 2912
ciMethod jdk/internal/org/objectweb/asm/Item isEqualTo (Ljdk/internal/org/objectweb/asm/Item;)Z 433 1 5234 0 -1
ciMethod jdk/internal/org/objectweb/asm/Type getArgumentsAndReturnSizes (Ljava/lang/String;)I 1361 82913 818 0 1184
ciMethod jdk/internal/org/objectweb/asm/Frame get (I)I 1049 1 2547 0 0
ciMethod jdk/internal/org/objectweb/asm/Frame set (II)V 433 1 851 0 0
ciMethod jdk/internal/org/objectweb/asm/Frame push (I)V 1745 1 4494 0 0
ciMethod jdk/internal/org/objectweb/asm/Frame push (Ljdk/internal/org/objectweb/asm/ClassWriter;Ljava/lang/String;)V 473 1 1307 0 0
ciMethod jdk/internal/org/objectweb/asm/Frame type (Ljdk/internal/org/objectweb/asm/ClassWriter;Ljava/lang/String;)I 1345 1 2821 0 -1
ciMethod jdk/internal/org/objectweb/asm/Frame pop ()I 593 1 1595 0 0
ciMethod jdk/internal/org/objectweb/asm/Frame pop (I)V 745 1 1658 0 0
ciMethod jdk/internal/org/objectweb/asm/Frame pop (Ljava/lang/String;)V 473 1 841 0 0
ciMethod jdk/internal/org/objectweb/asm/Frame init (I)V 0 0 36 0 0
ciMethod jdk/internal/org/objectweb/asm/Frame execute (IILjdk/internal/org/objectweb/asm/ClassWriter;Ljdk/internal/org/objectweb/a