2021-07-25 02:58:19,454 INFO o.a.j.u.JMeterUtils: Setting Locale to en_EN
2021-07-25 02:58:19,479 INFO o.a.j.JMeter: Loading user properties from: F:\apache-jmeter-5.1.1\bin\user.properties
2021-07-25 02:58:19,481 INFO o.a.j.JMeter: Loading system properties from: F:\apache-jmeter-5.1.1\bin\system.properties
2021-07-25 02:58:19,482 INFO o.a.j.JMeter: Setting JMeter property: threadCount=10
2021-07-25 02:58:19,482 INFO o.a.j.JMeter: Setting JMeter property: ramTime=2
2021-07-25 02:58:19,482 INFO o.a.j.JMeter: Setting JMeter property: duration=60
2021-07-25 02:58:19,490 INFO o.a.j.JMeter: Copyright (c) 1998-2019 The Apache Software Foundation
2021-07-25 02:58:19,491 INFO o.a.j.JMeter: Version 5.1.1 r1855137
2021-07-25 02:58:19,491 INFO o.a.j.JMeter: java.version=1.8.0_202
2021-07-25 02:58:19,491 INFO o.a.j.JMeter: java.vm.name=Java HotSpot(TM) 64-Bit Server VM
2021-07-25 02:58:19,491 INFO o.a.j.JMeter: os.name=Windows 10
2021-07-25 02:58:19,492 INFO o.a.j.JMeter: os.arch=amd64
2021-07-25 02:58:19,492 INFO o.a.j.JMeter: os.version=10.0
2021-07-25 02:58:19,492 INFO o.a.j.JMeter: file.encoding=GBK
2021-07-25 02:58:19,492 INFO o.a.j.JMeter: java.awt.headless=true
2021-07-25 02:58:19,492 INFO o.a.j.JMeter: Max memory     =1073741824
2021-07-25 02:58:19,492 INFO o.a.j.JMeter: Available Processors =4
2021-07-25 02:58:19,498 INFO o.a.j.JMeter: Default Locale=English (EN)
2021-07-25 02:58:19,499 INFO o.a.j.JMeter: JMeter  Locale=English (EN)
2021-07-25 02:58:19,499 INFO o.a.j.JMeter: JMeterHome=F:\apache-jmeter-5.1.1
2021-07-25 02:58:19,499 INFO o.a.j.JMeter: user.dir  =G:\java\jmeterTask
2021-07-25 02:58:19,500 INFO o.a.j.JMeter: PWD       =G:\java\jmeterTask
2021-07-25 02:58:35,034 INFO o.a.j.JMeter: IP: 10.198.1.32 Name: DESKTOP-VS14U6A FullName: DESKTOP-VS14U6A
2021-07-25 02:58:35,039 INFO o.a.j.s.FileServer: Default base='G:\java\jmeterTask'
2021-07-25 02:58:35,047 INFO o.a.j.s.FileServer: Set new base='G:\java\jmeterTask'
2021-07-25 02:58:35,283 INFO o.a.j.s.SaveService: Testplan (JMX) version: 2.2. Testlog (JTL) version: 2.2
2021-07-25 02:58:35,309 INFO o.a.j.s.SaveService: Using SaveService properties file encoding UTF-8
2021-07-25 02:58:35,317 INFO o.a.j.s.SaveService: Using SaveService properties version 5.0
2021-07-25 02:58:35,328 INFO o.a.j.s.SaveService: Loading file: G:\java\jmeterTask\task.jmx
2021-07-25 02:58:35,417 INFO o.a.j.p.h.s.HTTPSamplerBase: Parser for text/html is org.apache.jmeter.protocol.http.parser.LagartoBasedHtmlParser
2021-07-25 02:58:35,417 INFO o.a.j.p.h.s.HTTPSamplerBase: Parser for application/xhtml+xml is org.apache.jmeter.protocol.http.parser.LagartoBasedHtmlParser
2021-07-25 02:58:35,418 INFO o.a.j.p.h.s.HTTPSamplerBase: Parser for application/xml is org.apache.jmeter.protocol.http.parser.LagartoBasedHtmlParser
2021-07-25 02:58:35,418 INFO o.a.j.p.h.s.HTTPSamplerBase: Parser for text/xml is org.apache.jmeter.protocol.http.parser.LagartoBasedHtmlParser
2021-07-25 02:58:35,418 INFO o.a.j.p.h.s.HTTPSamplerBase: Parser for text/vnd.wap.wml is org.apache.jmeter.protocol.http.parser.RegexpHTMLParser
2021-07-25 02:58:35,418 INFO o.a.j.p.h.s.HTTPSamplerBase: Parser for text/css is org.apache.jmeter.protocol.http.parser.CssParser
2021-07-25 02:58:35,543 INFO o.a.j.JMeter: Creating summariser <summary>
2021-07-25 02:58:35,557 INFO o.a.j.e.StandardJMeterEngine: Running the test!
2021-07-25 02:58:35,558 INFO o.a.j.s.SampleEvent: List of sample_variables: []
2021-07-25 02:58:35,558 INFO o.a.j.s.SampleEvent: List of sample_variables: []
2021-07-25 02:58:35,573 INFO o.a.j.e.u.CompoundVariable: Note: Function class names must contain the string: '.functions.'
2021-07-25 02:58:35,573 INFO o.a.j.e.u.CompoundVariable: Note: Function class names must not contain the string: '.gui.'
2021-07-25 02:58:36,266 INFO o.a.j.t.TestPlan: added F:\apache-jmeter-5.1.1\lib\commons-beanutils-1.7.0.jar to classpath
2021-07-25 02:58:36,267 INFO o.a.j.t.TestPlan: added F:\apache-jmeter-5.1.1\lib\commons-collections-3.1.jar to classpath
2021-07-25 02:58:36,267 INFO o.a.j.t.TestPlan: added F:\apache-jmeter-5.1.1\lib\commons-lang-2.5(1).jar to classpath
2021-07-25 02:58:36,276 INFO o.a.j.t.TestPlan: added F:\apache-jmeter-5.1.1\lib\commons-logging.jar to classpath
2021-07-25 02:58:36,277 INFO o.a.j.t.TestPlan: added F:\apache-jmeter-5.1.1\lib\json-lib-2.1-jdk15.jar to classpath
2021-07-25 02:58:36,278 INFO o.a.j.t.TestPlan: added F:\apache-jmeter-5.1.1\lib\json-lib-2.4-jdk15.jar to classpath
2021-07-25 02:58:36,279 INFO o.a.j.t.TestPlan: added F:\apache-jmeter-5.1.1\lib\json-path-2.4.0.jar to classpath
2021-07-25 02:58:36,358 INFO o.a.j.JMeter: Running test (1627153116358)
2021-07-25 02:58:36,405 INFO o.a.j.e.StandardJMeterEngine: Starting ThreadGroup: 1 : 线程组
2021-07-25 02:58:36,405 INFO o.a.j.e.StandardJMeterEngine: Starting 10 threads for group 线程组.
2021-07-25 02:58:36,405 INFO o.a.j.e.StandardJMeterEngine: Thread will continue on error
2021-07-25 02:58:36,406 INFO o.a.j.t.ThreadGroup: Starting thread group... number=1 threads=10 ramp-up=0 delayedStart=false
2021-07-25 02:58:36,419 ERROR o.a.j.u.JMeterUtils: Error occurred starting thread group :线程组, error message:Invalid duration 0 set in Thread Group:线程组, 
see log file for more details
org.apache.jorphan.util.JMeterStopTestException: Invalid duration 0 set in Thread Group:线程组
	at org.apache.jmeter.threads.ThreadGroup.scheduleThread(ThreadGroup.java:205) ~[ApacheJMeter_core.jar:5.1.1 r1855137]
	at org.apache.jmeter.threads.ThreadGroup.startNewThread(ThreadGroup.java:263) ~[ApacheJMeter_core.jar:5.1.1 r1855137]
	at org.apache.jmeter.threads.ThreadGroup.start(ThreadGroup.java:242) ~[ApacheJMeter_core.jar:5.1.1 r1855137]
	at org.apache.jmeter.engine.StandardJMeterEngine.startThreadGroup(StandardJMeterEngine.java:526) [ApacheJMeter_core.jar:5.1.1 r1855137]
	at org.apache.jmeter.engine.StandardJMeterEngine.run(StandardJMeterEngine.java:451) [ApacheJMeter_core.jar:5.1.1 r1855137]
	at java.lang.Thread.run(Unknown Source) [?:1.8.0_202]
2021-07-25 02:58:36,424 INFO o.a.j.e.StandardJMeterEngine: All thread groups have been started
2021-07-25 02:58:36,424 INFO o.a.j.e.StandardJMeterEngine: Notifying test listeners of end of test
2021-07-25 02:58:36,426 INFO o.a.j.r.Summariser: summary =      0 in 00:00:00 = ******/s Avg:     0 Min: 9223372036854775807 Max: -9223372036854775808 Err:     0 (0.00%)
