2021-07-25 10:14:53,808 INFO o.a.j.u.JMeterUtils: Setting Locale to en_EN
2021-07-25 10:14:53,832 INFO o.a.j.JMeter: Loading user properties from: F:\apache-jmeter-5.1.1\bin\user.properties
2021-07-25 10:14:53,834 INFO o.a.j.JMeter: Loading system properties from: F:\apache-jmeter-5.1.1\bin\system.properties
2021-07-25 10:14:53,835 INFO o.a.j.JMeter: Setting JMeter property: threadCount=10
2021-07-25 10:14:53,835 INFO o.a.j.JMeter: Setting JMeter property: rameStamp=5
2021-07-25 10:14:53,835 INFO o.a.j.JMeter: Setting JMeter property: durtation=30
2021-07-25 10:14:53,843 INFO o.a.j.JMeter: Copyright (c) 1998-2019 The Apache Software Foundation
2021-07-25 10:14:53,843 INFO o.a.j.JMeter: Version 5.1.1 r1855137
2021-07-25 10:14:53,843 INFO o.a.j.JMeter: java.version=1.8.0_202
2021-07-25 10:14:53,843 INFO o.a.j.JMeter: java.vm.name=Java HotSpot(TM) 64-Bit Server VM
2021-07-25 10:14:53,844 INFO o.a.j.JMeter: os.name=Windows 10
2021-07-25 10:14:53,844 INFO o.a.j.JMeter: os.arch=amd64
2021-07-25 10:14:53,844 INFO o.a.j.JMeter: os.version=10.0
2021-07-25 10:14:53,844 INFO o.a.j.JMeter: file.encoding=GBK
2021-07-25 10:14:53,844 INFO o.a.j.JMeter: java.awt.headless=true
2021-07-25 10:14:53,844 INFO o.a.j.JMeter: Max memory     =1073741824
2021-07-25 10:14:53,844 INFO o.a.j.JMeter: Available Processors =4
2021-07-25 10:14:53,850 INFO o.a.j.JMeter: Default Locale=English (EN)
2021-07-25 10:14:53,851 INFO o.a.j.JMeter: JMeter  Locale=English (EN)
2021-07-25 10:14:53,851 INFO o.a.j.JMeter: JMeterHome=F:\apache-jmeter-5.1.1
2021-07-25 10:14:53,851 INFO o.a.j.JMeter: user.dir  =G:\java\jmeterTask
2021-07-25 10:14:53,852 INFO o.a.j.JMeter: PWD       =G:\java\jmeterTask
2021-07-25 10:15:09,386 INFO o.a.j.JMeter: IP: 10.198.1.32 Name: DESKTOP-VS14U6A FullName: DESKTOP-VS14U6A
2021-07-25 10:15:09,392 INFO o.a.j.s.FileServer: Default base='G:\java\jmeterTask'
2021-07-25 10:15:09,401 INFO o.a.j.s.FileServer: Set new base='G:\java\jmeterTask'
2021-07-25 10:15:09,647 INFO o.a.j.s.SaveService: Testplan (JMX) version: 2.2. Testlog (JTL) version: 2.2
2021-07-25 10:15:09,676 INFO o.a.j.s.SaveService: Using SaveService properties file encoding UTF-8
2021-07-25 10:15:09,685 INFO o.a.j.s.SaveService: Using SaveService properties version 5.0
2021-07-25 10:15:09,699 INFO o.a.j.s.SaveService: Loading file: G:\java\jmeterTask\task.jmx
2021-07-25 10:15:09,776 INFO o.a.j.p.h.s.HTTPSamplerBase: Parser for text/html is org.apache.jmeter.protocol.http.parser.LagartoBasedHtmlParser
2021-07-25 10:15:09,776 INFO o.a.j.p.h.s.HTTPSamplerBase: Parser for application/xhtml+xml is org.apache.jmeter.protocol.http.parser.LagartoBasedHtmlParser
2021-07-25 10:15:09,777 INFO o.a.j.p.h.s.HTTPSamplerBase: Parser for application/xml is org.apache.jmeter.protocol.http.parser.LagartoBasedHtmlParser
2021-07-25 10:15:09,777 INFO o.a.j.p.h.s.HTTPSamplerBase: Parser for text/xml is org.apache.jmeter.protocol.http.parser.LagartoBasedHtmlParser
2021-07-25 10:15:09,777 INFO o.a.j.p.h.s.HTTPSamplerBase: Parser for text/vnd.wap.wml is org.apache.jmeter.protocol.http.parser.RegexpHTMLParser
2021-07-25 10:15:09,777 INFO o.a.j.p.h.s.HTTPSamplerBase: Parser for text/css is org.apache.jmeter.protocol.http.parser.CssParser
2021-07-25 10:15:09,905 INFO o.a.j.JMeter: Creating summariser <summary>
2021-07-25 10:15:09,918 INFO o.a.j.e.StandardJMeterEngine: Running the test!
2021-07-25 10:15:09,920 INFO o.a.j.s.SampleEvent: List of sample_variables: []
2021-07-25 10:15:09,920 INFO o.a.j.s.SampleEvent: List of sample_variables: []
2021-07-25 10:15:09,935 INFO o.a.j.e.u.CompoundVariable: Note: Function class names must contain the string: '.functions.'
2021-07-25 10:15:09,935 INFO o.a.j.e.u.CompoundVariable: Note: Function class names must not contain the string: '.gui.'
2021-07-25 10:15:10,637 INFO o.a.j.t.TestPlan: added F:\apache-jmeter-5.1.1\lib\commons-beanutils-1.7.0.jar to classpath
2021-07-25 10:15:10,638 INFO o.a.j.t.TestPlan: added F:\apache-jmeter-5.1.1\lib\commons-collections-3.1.jar to classpath
2021-07-25 10:15:10,649 INFO o.a.j.t.TestPlan: added F:\apache-jmeter-5.1.1\lib\commons-lang-2.5(1).jar to classpath
2021-07-25 10:15:10,650 INFO o.a.j.t.TestPlan: added F:\apache-jmeter-5.1.1\lib\commons-logging.jar to classpath
2021-07-25 10:15:10,650 INFO o.a.j.t.TestPlan: added F:\apache-jmeter-5.1.1\lib\json-lib-2.1-jdk15.jar to classpath
2021-07-25 10:15:10,651 INFO o.a.j.t.TestPlan: added F:\apache-jmeter-5.1.1\lib\json-lib-2.4-jdk15.jar to classpath
2021-07-25 10:15:10,651 INFO o.a.j.t.TestPlan: added F:\apache-jmeter-5.1.1\lib\json-path-2.4.0.jar to classpath
2021-07-25 10:15:10,710 INFO o.a.j.JMeter: Running test (1627179310710)
2021-07-25 10:15:10,758 INFO o.a.j.e.StandardJMeterEngine: Starting ThreadGroup: 1 : 线程组
2021-07-25 10:15:10,759 INFO o.a.j.e.StandardJMeterEngine: Starting 10 threads for group 线程组.
2021-07-25 10:15:10,759 INFO o.a.j.e.StandardJMeterEngine: Thread will continue on error
2021-07-25 10:15:10,759 INFO o.a.j.t.ThreadGroup: Starting thread group... number=1 threads=10 ramp-up=5 delayedStart=false
2021-07-25 10:15:10,781 INFO o.a.j.t.JMeterThread: Thread started: 线程组 1-1
2021-07-25 10:15:10,839 INFO o.a.j.p.h.s.HTTPJavaImpl: Maximum connection retries = 0
2021-07-25 10:15:10,852 INFO o.a.j.s.SampleResult: Note: Sample TimeStamps are START times
2021-07-25 10:15:10,852 INFO o.a.j.s.SampleResult: sampleresult.default.encoding is set to ISO-8859-1
2021-07-25 10:15:10,853 INFO o.a.j.s.SampleResult: sampleresult.useNanoTime=true
2021-07-25 10:15:10,853 INFO o.a.j.s.SampleResult: sampleresult.nanoThreadSleep=5000
2021-07-25 10:15:10,863 INFO o.a.j.u.JsseSSLManager: Using default SSL protocol: TLS
2021-07-25 10:15:10,864 INFO o.a.j.u.JsseSSLManager: SSL session context: per-thread
2021-07-25 10:15:11,104 INFO o.a.j.t.ThreadGroup: Started thread group number 1
2021-07-25 10:15:11,104 INFO o.a.j.e.StandardJMeterEngine: All thread groups have been started
2021-07-25 10:15:11,322 INFO o.a.j.t.JMeterThread: Thread started: 线程组 1-2
2021-07-25 10:15:11,786 INFO o.a.j.t.JMeterThread: Thread started: 线程组 1-3
2021-07-25 10:15:12,308 INFO o.a.j.t.JMeterThread: Thread started: 线程组 1-4
2021-07-25 10:15:12,906 INFO o.a.j.t.JMeterThread: Thread started: 线程组 1-5
2021-07-25 10:15:13,182 INFO o.a.j.u.SSLManager: JmeterKeyStore Location:  type JKS
2021-07-25 10:15:13,185 INFO o.a.j.u.SSLManager: KeyStore created OK
2021-07-25 10:15:13,185 WARN o.a.j.u.SSLManager: Keystore file not found, loading empty keystore
2021-07-25 10:15:13,296 INFO o.a.j.t.JMeterThread: Thread started: 线程组 1-6
2021-07-25 10:15:13,829 INFO o.a.j.t.JMeterThread: Thread started: 线程组 1-7
2021-07-25 10:15:14,299 INFO o.a.j.t.JMeterThread: Thread started: 线程组 1-8
2021-07-25 10:15:14,787 INFO o.a.j.t.JMeterThread: Thread started: 线程组 1-9
2021-07-25 10:15:15,282 INFO o.a.j.t.JMeterThread: Thread started: 线程组 1-10
2021-07-25 10:15:30,002 INFO o.a.j.r.Summariser: summary +   3790 in 00:00:19 =  196.5/s Avg:    41 Min:    27 Max:  4447 Err:     0 (0.00%) Active: 10 Started: 10 Finished: 0
2021-07-25 10:15:40,777 INFO o.a.j.t.JMeterThread: Stopping because end time detected by thread: 线程组 1-1
2021-07-25 10:15:40,777 INFO o.a.j.t.JMeterThread: Thread finished: 线程组 1-1
2021-07-25 10:15:40,779 INFO o.a.j.t.JMeterThread: Stopping because end time detected by thread: 线程组 1-2
2021-07-25 10:15:40,779 INFO o.a.j.t.JMeterThread: Thread finished: 线程组 1-2
2021-07-25 10:15:40,872 INFO o.a.j.t.JMeterThread: Stopping because end time detected by thread: 线程组 1-4
2021-07-25 10:15:40,872 INFO o.a.j.t.JMeterThread: Thread finished: 线程组 1-4
2021-07-25 10:15:40,873 INFO o.a.j.t.JMeterThread: Stopping because end time detected by thread: 线程组 1-3
2021-07-25 10:15:40,873 INFO o.a.j.t.JMeterThread: Thread finished: 线程组 1-3
2021-07-25 10:15:40,913 INFO o.a.j.t.JMeterThread: Stopping because end time detected by thread: 线程组 1-5
2021-07-25 10:15:40,913 INFO o.a.j.t.JMeterThread: Thread finished: 线程组 1-5
2021-07-25 10:15:41,033 INFO o.a.j.t.JMeterThread: Stopping because end time detected by thread: 线程组 1-6
2021-07-25 10:15:41,033 INFO o.a.j.t.JMeterThread: Thread finished: 线程组 1-6
2021-07-25 10:15:41,042 INFO o.a.j.t.JMeterThread: Stopping because end time detected by thread: 线程组 1-7
2021-07-25 10:15:41,042 INFO o.a.j.t.JMeterThread: Thread finished: 线程组 1-7
2021-07-25 10:15:41,071 INFO o.a.j.t.JMeterThread: Stopping because end time detected by thread: 线程组 1-8
2021-07-25 10:15:41,072 INFO o.a.j.t.JMeterThread: Thread finished: 线程组 1-8
2021-07-25 10:15:41,073 INFO o.a.j.t.JMeterThread: Stopping because end time detected by thread: 线程组 1-9
2021-07-25 10:15:41,073 INFO o.a.j.t.JMeterThread: Thread finished: 线程组 1-9
2021-07-25 10:15:41,102 INFO o.a.j.t.JMeterThread: Stopping because end time detected by thread: 线程组 1-10
2021-07-25 10:15:41,103 INFO o.a.j.t.JMeterThread: Thread finished: 线程组 1-10
2021-07-25 10:15:41,103 INFO o.a.j.e.StandardJMeterEngine: Notifying test listeners of end of test
2021-07-25 10:15:41,104 INFO o.a.j.r.Summariser: summary +   3116 in 00:00:11 =  280.6/s Avg:    34 Min:    27 Max:   140 Err:     0 (0.00%) Active: 0 Started: 10 Finished: 10
2021-07-25 10:15:41,105 INFO o.a.j.r.Summariser: summary =   6906 in 00:00:30 =  227.2/s Avg:    38 Min:    27 Max:  4447 Err:     0 (0.00%)
